2024-12-19 11:14:50,482 [Worker-4: Loading available Gradle versions] INFO  o.e.b.c.i.u.g.PublishedGradleVersions - Gradle version information cache is not available. Remote download required.
2024-12-19 11:26:25,549 [Worker-8: Launching mavenrun-fcf9ba1e-d024-489c-ace1-9c0844652cb3] INFO  o.eclipse.m2e.core.internal.Bundles - getClasspathEntries(Bundle=org.eclipse.m2e.maven.runtime_3.9.900.20240824-1409 [360])
2024-12-19 11:26:25,557 [Worker-8: Launching mavenrun-fcf9ba1e-d024-489c-ace1-9c0844652cb3] INFO  o.eclipse.m2e.core.internal.Bundles - 	Entry: C:\sts-4.26.0.RELEASE\plugins\org.eclipse.m2e.maven.runtime_3.9.900.20240824-1409
2024-12-19 11:26:25,557 [Worker-8: Launching mavenrun-fcf9ba1e-d024-489c-ace1-9c0844652cb3] INFO  o.eclipse.m2e.core.internal.Bundles - 	Entry: C:\sts-4.26.0.RELEASE\plugins\org.eclipse.m2e.maven.runtime_3.9.900.20240824-1409\jars\aopalliance-1.0.jar
2024-12-19 11:26:25,558 [Worker-8: Launching mavenrun-fcf9ba1e-d024-489c-ace1-9c0844652cb3] INFO  o.eclipse.m2e.core.internal.Bundles - 	Entry: C:\sts-4.26.0.RELEASE\plugins\org.eclipse.m2e.maven.runtime_3.9.900.20240824-1409\jars\guice-5.1.0.jar
2024-12-19 11:26:25,558 [Worker-8: Launching mavenrun-fcf9ba1e-d024-489c-ace1-9c0844652cb3] INFO  o.eclipse.m2e.core.internal.Bundles - 	Entry: C:\sts-4.26.0.RELEASE\plugins\org.eclipse.m2e.maven.runtime_3.9.900.20240824-1409\jars\httpclient-4.5.14.jar
2024-12-19 11:26:25,558 [Worker-8: Launching mavenrun-fcf9ba1e-d024-489c-ace1-9c0844652cb3] INFO  o.eclipse.m2e.core.internal.Bundles - 	Entry: C:\sts-4.26.0.RELEASE\plugins\org.eclipse.m2e.maven.runtime_3.9.900.20240824-1409\jars\httpcore-4.4.16.jar
2024-12-19 11:26:25,558 [Worker-8: Launching mavenrun-fcf9ba1e-d024-489c-ace1-9c0844652cb3] INFO  o.eclipse.m2e.core.internal.Bundles - 	Entry: C:\sts-4.26.0.RELEASE\plugins\org.eclipse.m2e.maven.runtime_3.9.900.20240824-1409\jars\jansi-2.4.1.jar
2024-12-19 11:26:25,558 [Worker-8: Launching mavenrun-fcf9ba1e-d024-489c-ace1-9c0844652cb3] INFO  o.eclipse.m2e.core.internal.Bundles - 	Entry: C:\sts-4.26.0.RELEASE\plugins\org.eclipse.m2e.maven.runtime_3.9.900.20240824-1409\jars\jcl-over-slf4j-1.7.36.jar
2024-12-19 11:26:25,558 [Worker-8: Launching mavenrun-fcf9ba1e-d024-489c-ace1-9c0844652cb3] INFO  o.eclipse.m2e.core.internal.Bundles - 	Entry: C:\sts-4.26.0.RELEASE\plugins\org.eclipse.m2e.maven.runtime_3.9.900.20240824-1409\jars\maven-artifact-3.9.9.jar
2024-12-19 11:26:25,559 [Worker-8: Launching mavenrun-fcf9ba1e-d024-489c-ace1-9c0844652cb3] INFO  o.eclipse.m2e.core.internal.Bundles - 	Entry: C:\sts-4.26.0.RELEASE\plugins\org.eclipse.m2e.maven.runtime_3.9.900.20240824-1409\jars\maven-builder-support-3.9.9.jar
2024-12-19 11:26:25,559 [Worker-8: Launching mavenrun-fcf9ba1e-d024-489c-ace1-9c0844652cb3] INFO  o.eclipse.m2e.core.internal.Bundles - 	Entry: C:\sts-4.26.0.RELEASE\plugins\org.eclipse.m2e.maven.runtime_3.9.900.20240824-1409\jars\maven-compat-3.9.9.jar
2024-12-19 11:26:25,559 [Worker-8: Launching mavenrun-fcf9ba1e-d024-489c-ace1-9c0844652cb3] INFO  o.eclipse.m2e.core.internal.Bundles - 	Entry: C:\sts-4.26.0.RELEASE\plugins\org.eclipse.m2e.maven.runtime_3.9.900.20240824-1409\jars\maven-core-3.9.9.jar
2024-12-19 11:26:25,559 [Worker-8: Launching mavenrun-fcf9ba1e-d024-489c-ace1-9c0844652cb3] INFO  o.eclipse.m2e.core.internal.Bundles - 	Entry: C:\sts-4.26.0.RELEASE\plugins\org.eclipse.m2e.maven.runtime_3.9.900.20240824-1409\jars\maven-embedder-3.9.9.jar
2024-12-19 11:26:25,559 [Worker-8: Launching mavenrun-fcf9ba1e-d024-489c-ace1-9c0844652cb3] INFO  o.eclipse.m2e.core.internal.Bundles - 	Entry: C:\sts-4.26.0.RELEASE\plugins\org.eclipse.m2e.maven.runtime_3.9.900.20240824-1409\jars\maven-model-3.9.9.jar
2024-12-19 11:26:25,559 [Worker-8: Launching mavenrun-fcf9ba1e-d024-489c-ace1-9c0844652cb3] INFO  o.eclipse.m2e.core.internal.Bundles - 	Entry: C:\sts-4.26.0.RELEASE\plugins\org.eclipse.m2e.maven.runtime_3.9.900.20240824-1409\jars\maven-model-builder-3.9.9.jar
2024-12-19 11:26:25,559 [Worker-8: Launching mavenrun-fcf9ba1e-d024-489c-ace1-9c0844652cb3] INFO  o.eclipse.m2e.core.internal.Bundles - 	Entry: C:\sts-4.26.0.RELEASE\plugins\org.eclipse.m2e.maven.runtime_3.9.900.20240824-1409\jars\maven-plugin-api-3.9.9.jar
2024-12-19 11:26:25,560 [Worker-8: Launching mavenrun-fcf9ba1e-d024-489c-ace1-9c0844652cb3] INFO  o.eclipse.m2e.core.internal.Bundles - 	Entry: C:\sts-4.26.0.RELEASE\plugins\org.eclipse.m2e.maven.runtime_3.9.900.20240824-1409\jars\maven-repository-metadata-3.9.9.jar
2024-12-19 11:26:25,560 [Worker-8: Launching mavenrun-fcf9ba1e-d024-489c-ace1-9c0844652cb3] INFO  o.eclipse.m2e.core.internal.Bundles - 	Entry: C:\sts-4.26.0.RELEASE\plugins\org.eclipse.m2e.maven.runtime_3.9.900.20240824-1409\jars\maven-resolver-api-1.9.22.jar
2024-12-19 11:26:25,560 [Worker-8: Launching mavenrun-fcf9ba1e-d024-489c-ace1-9c0844652cb3] INFO  o.eclipse.m2e.core.internal.Bundles - 	Entry: C:\sts-4.26.0.RELEASE\plugins\org.eclipse.m2e.maven.runtime_3.9.900.20240824-1409\jars\maven-resolver-connector-basic-1.9.22.jar
2024-12-19 11:26:25,560 [Worker-8: Launching mavenrun-fcf9ba1e-d024-489c-ace1-9c0844652cb3] INFO  o.eclipse.m2e.core.internal.Bundles - 	Entry: C:\sts-4.26.0.RELEASE\plugins\org.eclipse.m2e.maven.runtime_3.9.900.20240824-1409\jars\maven-resolver-impl-1.9.22.jar
2024-12-19 11:26:25,561 [Worker-8: Launching mavenrun-fcf9ba1e-d024-489c-ace1-9c0844652cb3] INFO  o.eclipse.m2e.core.internal.Bundles - 	Entry: C:\sts-4.26.0.RELEASE\plugins\org.eclipse.m2e.maven.runtime_3.9.900.20240824-1409\jars\maven-resolver-named-locks-1.9.22.jar
2024-12-19 11:26:25,562 [Worker-8: Launching mavenrun-fcf9ba1e-d024-489c-ace1-9c0844652cb3] INFO  o.eclipse.m2e.core.internal.Bundles - 	Entry: C:\sts-4.26.0.RELEASE\plugins\org.eclipse.m2e.maven.runtime_3.9.900.20240824-1409\jars\maven-resolver-provider-3.9.9.jar
2024-12-19 11:26:25,562 [Worker-8: Launching mavenrun-fcf9ba1e-d024-489c-ace1-9c0844652cb3] INFO  o.eclipse.m2e.core.internal.Bundles - 	Entry: C:\sts-4.26.0.RELEASE\plugins\org.eclipse.m2e.maven.runtime_3.9.900.20240824-1409\jars\maven-resolver-spi-1.9.22.jar
2024-12-19 11:26:25,562 [Worker-8: Launching mavenrun-fcf9ba1e-d024-489c-ace1-9c0844652cb3] INFO  o.eclipse.m2e.core.internal.Bundles - 	Entry: C:\sts-4.26.0.RELEASE\plugins\org.eclipse.m2e.maven.runtime_3.9.900.20240824-1409\jars\maven-resolver-transport-file-1.9.22.jar
2024-12-19 11:26:25,562 [Worker-8: Launching mavenrun-fcf9ba1e-d024-489c-ace1-9c0844652cb3] INFO  o.eclipse.m2e.core.internal.Bundles - 	Entry: C:\sts-4.26.0.RELEASE\plugins\org.eclipse.m2e.maven.runtime_3.9.900.20240824-1409\jars\maven-resolver-transport-http-1.9.22.jar
2024-12-19 11:26:25,562 [Worker-8: Launching mavenrun-fcf9ba1e-d024-489c-ace1-9c0844652cb3] INFO  o.eclipse.m2e.core.internal.Bundles - 	Entry: C:\sts-4.26.0.RELEASE\plugins\org.eclipse.m2e.maven.runtime_3.9.900.20240824-1409\jars\maven-resolver-transport-wagon-1.9.22.jar
2024-12-19 11:26:25,562 [Worker-8: Launching mavenrun-fcf9ba1e-d024-489c-ace1-9c0844652cb3] INFO  o.eclipse.m2e.core.internal.Bundles - 	Entry: C:\sts-4.26.0.RELEASE\plugins\org.eclipse.m2e.maven.runtime_3.9.900.20240824-1409\jars\maven-resolver-util-1.9.22.jar
2024-12-19 11:26:25,563 [Worker-8: Launching mavenrun-fcf9ba1e-d024-489c-ace1-9c0844652cb3] INFO  o.eclipse.m2e.core.internal.Bundles - 	Entry: C:\sts-4.26.0.RELEASE\plugins\org.eclipse.m2e.maven.runtime_3.9.900.20240824-1409\jars\maven-settings-3.9.9.jar
2024-12-19 11:26:25,563 [Worker-8: Launching mavenrun-fcf9ba1e-d024-489c-ace1-9c0844652cb3] INFO  o.eclipse.m2e.core.internal.Bundles - 	Entry: C:\sts-4.26.0.RELEASE\plugins\org.eclipse.m2e.maven.runtime_3.9.900.20240824-1409\jars\maven-settings-builder-3.9.9.jar
2024-12-19 11:26:25,563 [Worker-8: Launching mavenrun-fcf9ba1e-d024-489c-ace1-9c0844652cb3] INFO  o.eclipse.m2e.core.internal.Bundles - 	Entry: C:\sts-4.26.0.RELEASE\plugins\org.eclipse.m2e.maven.runtime_3.9.900.20240824-1409\jars\maven-shared-utils-3.4.2.jar
2024-12-19 11:26:25,563 [Worker-8: Launching mavenrun-fcf9ba1e-d024-489c-ace1-9c0844652cb3] INFO  o.eclipse.m2e.core.internal.Bundles - 	Entry: C:\sts-4.26.0.RELEASE\plugins\org.eclipse.m2e.maven.runtime_3.9.900.20240824-1409\jars\org.eclipse.sisu.inject-0.9.0.M3.jar
2024-12-19 11:26:25,563 [Worker-8: Launching mavenrun-fcf9ba1e-d024-489c-ace1-9c0844652cb3] INFO  o.eclipse.m2e.core.internal.Bundles - 	Entry: C:\sts-4.26.0.RELEASE\plugins\org.eclipse.m2e.maven.runtime_3.9.900.20240824-1409\jars\org.eclipse.sisu.plexus-0.9.0.M3.jar
2024-12-19 11:26:25,563 [Worker-8: Launching mavenrun-fcf9ba1e-d024-489c-ace1-9c0844652cb3] INFO  o.eclipse.m2e.core.internal.Bundles - 	Entry: C:\sts-4.26.0.RELEASE\plugins\org.eclipse.m2e.maven.runtime_3.9.900.20240824-1409\jars\plexus-build-api-0.0.7.jar
2024-12-19 11:26:25,564 [Worker-8: Launching mavenrun-fcf9ba1e-d024-489c-ace1-9c0844652cb3] INFO  o.eclipse.m2e.core.internal.Bundles - 	Entry: C:\sts-4.26.0.RELEASE\plugins\org.eclipse.m2e.maven.runtime_3.9.900.20240824-1409\jars\plexus-build-api-1.2.0.jar
2024-12-19 11:26:25,564 [Worker-8: Launching mavenrun-fcf9ba1e-d024-489c-ace1-9c0844652cb3] INFO  o.eclipse.m2e.core.internal.Bundles - 	Entry: C:\sts-4.26.0.RELEASE\plugins\org.eclipse.m2e.maven.runtime_3.9.900.20240824-1409\jars\plexus-cipher-2.0.jar
2024-12-19 11:26:25,564 [Worker-8: Launching mavenrun-fcf9ba1e-d024-489c-ace1-9c0844652cb3] INFO  o.eclipse.m2e.core.internal.Bundles - 	Entry: C:\sts-4.26.0.RELEASE\plugins\org.eclipse.m2e.maven.runtime_3.9.900.20240824-1409\jars\plexus-classworlds-2.8.0.jar
2024-12-19 11:26:25,564 [Worker-8: Launching mavenrun-fcf9ba1e-d024-489c-ace1-9c0844652cb3] INFO  o.eclipse.m2e.core.internal.Bundles - 	Entry: C:\sts-4.26.0.RELEASE\plugins\org.eclipse.m2e.maven.runtime_3.9.900.20240824-1409\jars\plexus-component-annotations-2.1.0.jar
2024-12-19 11:26:25,564 [Worker-8: Launching mavenrun-fcf9ba1e-d024-489c-ace1-9c0844652cb3] INFO  o.eclipse.m2e.core.internal.Bundles - 	Entry: C:\sts-4.26.0.RELEASE\plugins\org.eclipse.m2e.maven.runtime_3.9.900.20240824-1409\jars\plexus-interpolation-1.27.jar
2024-12-19 11:26:25,565 [Worker-8: Launching mavenrun-fcf9ba1e-d024-489c-ace1-9c0844652cb3] INFO  o.eclipse.m2e.core.internal.Bundles - 	Entry: C:\sts-4.26.0.RELEASE\plugins\org.eclipse.m2e.maven.runtime_3.9.900.20240824-1409\jars\plexus-sec-dispatcher-2.0.jar
2024-12-19 11:26:25,565 [Worker-8: Launching mavenrun-fcf9ba1e-d024-489c-ace1-9c0844652cb3] INFO  o.eclipse.m2e.core.internal.Bundles - 	Entry: C:\sts-4.26.0.RELEASE\plugins\org.eclipse.m2e.maven.runtime_3.9.900.20240824-1409\jars\plexus-utils-3.5.1.jar
2024-12-19 11:26:25,565 [Worker-8: Launching mavenrun-fcf9ba1e-d024-489c-ace1-9c0844652cb3] INFO  o.eclipse.m2e.core.internal.Bundles - 	Entry: C:\sts-4.26.0.RELEASE\plugins\org.eclipse.m2e.maven.runtime_3.9.900.20240824-1409\jars\plexus-xml-3.0.1.jar
2024-12-19 11:26:25,565 [Worker-8: Launching mavenrun-fcf9ba1e-d024-489c-ace1-9c0844652cb3] INFO  o.eclipse.m2e.core.internal.Bundles - 	Entry: C:\sts-4.26.0.RELEASE\plugins\org.eclipse.m2e.maven.runtime_3.9.900.20240824-1409\jars\wagon-file-3.5.3.jar
2024-12-19 11:26:25,566 [Worker-8: Launching mavenrun-fcf9ba1e-d024-489c-ace1-9c0844652cb3] INFO  o.eclipse.m2e.core.internal.Bundles - 	Entry: C:\sts-4.26.0.RELEASE\plugins\org.eclipse.m2e.maven.runtime_3.9.900.20240824-1409\jars\wagon-http-3.5.3.jar
2024-12-19 11:26:25,566 [Worker-8: Launching mavenrun-fcf9ba1e-d024-489c-ace1-9c0844652cb3] INFO  o.eclipse.m2e.core.internal.Bundles - 	Entry: C:\sts-4.26.0.RELEASE\plugins\org.eclipse.m2e.maven.runtime_3.9.900.20240824-1409\jars\wagon-http-shared-3.5.3.jar
2024-12-19 11:26:25,566 [Worker-8: Launching mavenrun-fcf9ba1e-d024-489c-ace1-9c0844652cb3] INFO  o.eclipse.m2e.core.internal.Bundles - 	Entry: C:\sts-4.26.0.RELEASE\plugins\org.eclipse.m2e.maven.runtime_3.9.900.20240824-1409\jars\wagon-provider-api-3.5.3.jar
2024-12-19 11:26:25,569 [Worker-8: Launching mavenrun-fcf9ba1e-d024-489c-ace1-9c0844652cb3] INFO  o.eclipse.m2e.core.internal.Bundles - getClasspathEntries(Bundle=com.google.guava_33.3.0.jre [29])
2024-12-19 11:26:25,570 [Worker-8: Launching mavenrun-fcf9ba1e-d024-489c-ace1-9c0844652cb3] INFO  o.eclipse.m2e.core.internal.Bundles - 	Entry: C:\sts-4.26.0.RELEASE\plugins\com.google.guava_33.3.0.jre.jar
2024-12-19 11:26:25,570 [Worker-8: Launching mavenrun-fcf9ba1e-d024-489c-ace1-9c0844652cb3] INFO  o.eclipse.m2e.core.internal.Bundles - getClasspathEntries(Bundle=slf4j.api_2.0.16 [593])
2024-12-19 11:26:25,570 [Worker-8: Launching mavenrun-fcf9ba1e-d024-489c-ace1-9c0844652cb3] INFO  o.eclipse.m2e.core.internal.Bundles - 	Entry: C:\sts-4.26.0.RELEASE\plugins\slf4j.api_2.0.16.jar
2024-12-19 11:26:25,570 [Worker-8: Launching mavenrun-fcf9ba1e-d024-489c-ace1-9c0844652cb3] INFO  o.eclipse.m2e.core.internal.Bundles - getClasspathEntries(Bundle=jakarta.inject.jakarta.inject-api_1.0.5 [45])
2024-12-19 11:26:25,571 [Worker-8: Launching mavenrun-fcf9ba1e-d024-489c-ace1-9c0844652cb3] INFO  o.eclipse.m2e.core.internal.Bundles - 	Entry: C:\sts-4.26.0.RELEASE\plugins\jakarta.inject.jakarta.inject-api_1.0.5.jar
2024-12-19 11:26:25,571 [Worker-8: Launching mavenrun-fcf9ba1e-d024-489c-ace1-9c0844652cb3] INFO  o.eclipse.m2e.core.internal.Bundles - getClasspathEntries(Bundle=jakarta.annotation-api_1.3.5 [41])
2024-12-19 11:26:25,571 [Worker-8: Launching mavenrun-fcf9ba1e-d024-489c-ace1-9c0844652cb3] INFO  o.eclipse.m2e.core.internal.Bundles - 	Entry: C:\sts-4.26.0.RELEASE\plugins\jakarta.annotation-api_1.3.5.jar
2024-12-19 11:26:25,571 [Worker-8: Launching mavenrun-fcf9ba1e-d024-489c-ace1-9c0844652cb3] INFO  o.eclipse.m2e.core.internal.Bundles - getClasspathEntries(Bundle=org.apache.commons.cli_1.9.0 [77])
2024-12-19 11:26:25,571 [Worker-8: Launching mavenrun-fcf9ba1e-d024-489c-ace1-9c0844652cb3] INFO  o.eclipse.m2e.core.internal.Bundles - 	Entry: C:\sts-4.26.0.RELEASE\plugins\org.apache.commons.cli_1.9.0.jar
2024-12-19 11:26:25,571 [Worker-8: Launching mavenrun-fcf9ba1e-d024-489c-ace1-9c0844652cb3] INFO  o.eclipse.m2e.core.internal.Bundles - getClasspathEntries(Bundle=org.apache.commons.commons-codec_1.16.0 [80])
2024-12-19 11:26:25,572 [Worker-8: Launching mavenrun-fcf9ba1e-d024-489c-ace1-9c0844652cb3] INFO  o.eclipse.m2e.core.internal.Bundles - 	Entry: C:\sts-4.26.0.RELEASE\plugins\org.apache.commons.commons-codec_1.16.0.jar
2024-12-19 11:26:25,572 [Worker-8: Launching mavenrun-fcf9ba1e-d024-489c-ace1-9c0844652cb3] INFO  o.eclipse.m2e.core.internal.Bundles - getClasspathEntries(Bundle=com.google.guava.failureaccess_1.0.2 [30])
2024-12-19 11:26:25,572 [Worker-8: Launching mavenrun-fcf9ba1e-d024-489c-ace1-9c0844652cb3] INFO  o.eclipse.m2e.core.internal.Bundles - 	Entry: C:\sts-4.26.0.RELEASE\plugins\com.google.guava.failureaccess_1.0.2.jar
2024-12-19 11:26:25,585 [Worker-8: Launching mavenrun-fcf9ba1e-d024-489c-ace1-9c0844652cb3] INFO  o.e.m.i.launch.MavenLaunchDelegate - Run build in "C:\Users\User\AppData\Local\Temp\m2e-archetypeGenerator12375968937770999975":
2024-12-19 11:26:25,591 [Worker-8: Launching mavenrun-fcf9ba1e-d024-489c-ace1-9c0844652cb3] INFO  o.e.m.i.launch.MavenLaunchDelegate -  mvn  -DarchetypeGroupId=org.apache.maven.archetypes -DarchetypeArtifactId=maven-archetype-quickstart -DarchetypeVersion=1.1 -DgroupId=com.example -DartifactId=Excel -Dversion=0.0.1-SNAPSHOT -Dpackage=com.example.Excel -DoutputDirectory=C:\Spring_casestudy\rohan -Dstyle.color=always -U archetype:generate
2024-12-19 11:27:23,893 [Worker-11: Creating maven-archetype-quickstart] INFO  o.e.m.c.i.p.ProjectConfigurationManager - Collecting project info '/pom.xml' C:\Spring_casestudy\rohan\Excel\pom.xml
2024-12-19 11:27:24,783 [Worker-11: Creating maven-archetype-quickstart] INFO  o.e.m.c.i.l.LifecycleMappingFactory - Using org.eclipse.m2e.jdt.JarLifecycleMapping lifecycle mapping for MavenProject: com.example:Excel:0.0.1-SNAPSHOT @ C:\Spring_casestudy\rohan\Excel\pom.xml.
2024-12-19 11:27:26,032 [Worker-11: Creating maven-archetype-quickstart] INFO  o.e.m.j.i.AbstractJavaProjectConfigurator - Adding source folder /Excel/src/main/java
2024-12-19 11:27:26,034 [Worker-11: Creating maven-archetype-quickstart] INFO  o.e.m.j.i.AbstractJavaProjectConfigurator - Adding resource folder /Excel/src/main/resources
2024-12-19 11:27:26,039 [Worker-11: Creating maven-archetype-quickstart] INFO  o.e.m.j.i.AbstractJavaProjectConfigurator - Adding source folder /Excel/src/test/java
2024-12-19 11:27:26,040 [Worker-11: Creating maven-archetype-quickstart] INFO  o.e.m.j.i.AbstractJavaProjectConfigurator - Adding resource folder /Excel/src/test/resources
2024-12-19 11:27:26,215 [Worker-11: Creating maven-archetype-quickstart] INFO  o.e.m.c.i.p.ProjectConfigurationManager - Imported and configured 1 project(s) in 2 sec
2024-12-19 11:27:28,030 [Worker-11: Building] INFO  o.a.m.s.f.DefaultMavenResourcesFiltering - skip non existing resourceDirectory C:\Spring_casestudy\rohan\Excel\src\main\resources
2024-12-19 11:27:28,036 [Worker-11: Building] INFO  o.a.m.s.f.DefaultMavenResourcesFiltering - skip non existing resourceDirectory C:\Spring_casestudy\rohan\Excel\src\test\resources
2024-12-19 11:28:37,192 [Worker-14: Building] INFO  o.e.m.c.i.l.LifecycleMappingFactory - Using org.eclipse.m2e.jdt.JarLifecycleMapping lifecycle mapping for MavenProject: com.example:Excel:0.0.1-SNAPSHOT @ C:\Spring_casestudy\rohan\Excel\pom.xml.
2024-12-19 11:28:37,378 [Worker-14: Building] INFO  o.e.m.c.i.e.AbstractTransferListenerAdapter - Downloading https://repo.maven.apache.org/maven2/org/apache/poi/poi-ooxml/5.2.3/poi-ooxml-5.2.3.pom
2024-12-19 11:28:37,406 [Worker-14: Building] INFO  o.e.m.c.i.e.AbstractTransferListenerAdapter - Downloaded https://repo.maven.apache.org/maven2/org/apache/poi/poi-ooxml/5.2.3/poi-ooxml-5.2.3.pom
2024-12-19 11:28:37,443 [Worker-14: Building] INFO  o.e.m.c.i.e.AbstractTransferListenerAdapter - Downloading https://repo.maven.apache.org/maven2/org/apache/poi/poi/5.2.3/poi-5.2.3.pom
2024-12-19 11:28:37,454 [Worker-14: Building] INFO  o.e.m.c.i.e.AbstractTransferListenerAdapter - Downloaded https://repo.maven.apache.org/maven2/org/apache/poi/poi/5.2.3/poi-5.2.3.pom
2024-12-19 11:28:37,535 [Worker-14: Building] INFO  o.e.m.c.i.e.AbstractTransferListenerAdapter - Downloading https://repo.maven.apache.org/maven2/org/apache/commons/commons-math3/3.6.1/commons-math3-3.6.1.pom
2024-12-19 11:28:37,550 [Worker-14: Building] INFO  o.e.m.c.i.e.AbstractTransferListenerAdapter - Downloaded https://repo.maven.apache.org/maven2/org/apache/commons/commons-math3/3.6.1/commons-math3-3.6.1.pom
2024-12-19 11:28:37,678 [Worker-14: Building] INFO  o.e.m.c.i.e.AbstractTransferListenerAdapter - Downloading https://repo.maven.apache.org/maven2/com/zaxxer/SparseBitSet/1.2/SparseBitSet-1.2.pom
2024-12-19 11:28:37,692 [Worker-14: Building] INFO  o.e.m.c.i.e.AbstractTransferListenerAdapter - Downloaded https://repo.maven.apache.org/maven2/com/zaxxer/SparseBitSet/1.2/SparseBitSet-1.2.pom
2024-12-19 11:28:37,733 [Worker-14: Building] INFO  o.e.m.c.i.e.AbstractTransferListenerAdapter - Downloading https://repo.maven.apache.org/maven2/org/apache/logging/log4j/log4j-api/2.18.0/log4j-api-2.18.0.pom
2024-12-19 11:28:37,758 [Worker-14: Building] INFO  o.e.m.c.i.e.AbstractTransferListenerAdapter - Downloaded https://repo.maven.apache.org/maven2/org/apache/logging/log4j/log4j-api/2.18.0/log4j-api-2.18.0.pom
2024-12-19 11:28:37,809 [Worker-14: Building] INFO  o.e.m.c.i.e.AbstractTransferListenerAdapter - Downloading https://repo.maven.apache.org/maven2/org/apache/logging/log4j/log4j/2.18.0/log4j-2.18.0.pom
2024-12-19 11:28:37,854 [Worker-14: Building] INFO  o.e.m.c.i.e.AbstractTransferListenerAdapter - Downloaded https://repo.maven.apache.org/maven2/org/apache/logging/log4j/log4j/2.18.0/log4j-2.18.0.pom
2024-12-19 11:28:37,926 [Worker-14: Building] INFO  o.e.m.c.i.e.AbstractTransferListenerAdapter - Downloading https://repo.maven.apache.org/maven2/org/apache/logging/logging-parent/5/logging-parent-5.pom
2024-12-19 11:28:37,937 [Worker-14: Building] INFO  o.e.m.c.i.e.AbstractTransferListenerAdapter - Downloaded https://repo.maven.apache.org/maven2/org/apache/logging/logging-parent/5/logging-parent-5.pom
2024-12-19 11:28:37,965 [Worker-14: Building] INFO  o.e.m.c.i.e.AbstractTransferListenerAdapter - Downloading https://repo.maven.apache.org/maven2/org/apache/apache/24/apache-24.pom
2024-12-19 11:28:37,984 [Worker-14: Building] INFO  o.e.m.c.i.e.AbstractTransferListenerAdapter - Downloaded https://repo.maven.apache.org/maven2/org/apache/apache/24/apache-24.pom
2024-12-19 11:28:38,083 [Worker-14: Building] INFO  o.e.m.c.i.e.AbstractTransferListenerAdapter - Downloading https://repo.maven.apache.org/maven2/org/apache/poi/poi-ooxml-lite/5.2.3/poi-ooxml-lite-5.2.3.pom
2024-12-19 11:28:38,094 [Worker-14: Building] INFO  o.e.m.c.i.e.AbstractTransferListenerAdapter - Downloaded https://repo.maven.apache.org/maven2/org/apache/poi/poi-ooxml-lite/5.2.3/poi-ooxml-lite-5.2.3.pom
2024-12-19 11:28:38,128 [Worker-14: Building] INFO  o.e.m.c.i.e.AbstractTransferListenerAdapter - Downloading https://repo.maven.apache.org/maven2/org/apache/xmlbeans/xmlbeans/5.1.1/xmlbeans-5.1.1.pom
2024-12-19 11:28:38,140 [Worker-14: Building] INFO  o.e.m.c.i.e.AbstractTransferListenerAdapter - Downloaded https://repo.maven.apache.org/maven2/org/apache/xmlbeans/xmlbeans/5.1.1/xmlbeans-5.1.1.pom
2024-12-19 11:28:38,198 [Worker-14: Building] INFO  o.e.m.c.i.e.AbstractTransferListenerAdapter - Downloading https://repo.maven.apache.org/maven2/com/github/virtuald/curvesapi/1.07/curvesapi-1.07.pom
2024-12-19 11:28:38,208 [Worker-14: Building] INFO  o.e.m.c.i.e.AbstractTransferListenerAdapter - Downloaded https://repo.maven.apache.org/maven2/com/github/virtuald/curvesapi/1.07/curvesapi-1.07.pom
2024-12-19 11:28:38,287 [Worker-14: Building] INFO  o.e.m.c.i.e.AbstractTransferListenerAdapter - Downloading https://repo.maven.apache.org/maven2/org/apache/poi/poi-ooxml/5.2.3/poi-ooxml-5.2.3.jar
2024-12-19 11:28:39,326 [Worker-14: Building] INFO  o.e.m.c.i.e.AbstractTransferListenerAdapter - Downloaded https://repo.maven.apache.org/maven2/org/apache/poi/poi-ooxml/5.2.3/poi-ooxml-5.2.3.jar
2024-12-19 11:28:39,357 [BasicRepositoryConnector-repo.maven.apache.org-0-2] INFO  o.e.m.c.i.e.AbstractTransferListenerAdapter - Downloading https://repo.maven.apache.org/maven2/com/zaxxer/SparseBitSet/1.2/SparseBitSet-1.2.jar
2024-12-19 11:28:39,382 [BasicRepositoryConnector-repo.maven.apache.org-0-2] INFO  o.e.m.c.i.e.AbstractTransferListenerAdapter - Downloaded https://repo.maven.apache.org/maven2/com/zaxxer/SparseBitSet/1.2/SparseBitSet-1.2.jar
2024-12-19 11:28:39,396 [BasicRepositoryConnector-repo.maven.apache.org-0-2] INFO  o.e.m.c.i.e.AbstractTransferListenerAdapter - Downloading https://repo.maven.apache.org/maven2/com/github/virtuald/curvesapi/1.07/curvesapi-1.07.jar
2024-12-19 11:28:39,425 [BasicRepositoryConnector-repo.maven.apache.org-0-0] INFO  o.e.m.c.i.e.AbstractTransferListenerAdapter - Downloading https://repo.maven.apache.org/maven2/org/apache/poi/poi/5.2.3/poi-5.2.3.jar
2024-12-19 11:28:39,445 [BasicRepositoryConnector-repo.maven.apache.org-0-1] INFO  o.e.m.c.i.e.AbstractTransferListenerAdapter - Downloading https://repo.maven.apache.org/maven2/org/apache/commons/commons-math3/3.6.1/commons-math3-3.6.1.jar
2024-12-19 11:28:39,495 [BasicRepositoryConnector-repo.maven.apache.org-0-4] INFO  o.e.m.c.i.e.AbstractTransferListenerAdapter - Downloading https://repo.maven.apache.org/maven2/org/apache/xmlbeans/xmlbeans/5.1.1/xmlbeans-5.1.1.jar
2024-12-19 11:28:39,496 [BasicRepositoryConnector-repo.maven.apache.org-0-2] INFO  o.e.m.c.i.e.AbstractTransferListenerAdapter - Downloaded https://repo.maven.apache.org/maven2/com/github/virtuald/curvesapi/1.07/curvesapi-1.07.jar
2024-12-19 11:28:39,514 [BasicRepositoryConnector-repo.maven.apache.org-0-3] INFO  o.e.m.c.i.e.AbstractTransferListenerAdapter - Downloading https://repo.maven.apache.org/maven2/org/apache/poi/poi-ooxml-lite/5.2.3/poi-ooxml-lite-5.2.3.jar
2024-12-19 11:28:39,575 [BasicRepositoryConnector-repo.maven.apache.org-0-2] INFO  o.e.m.c.i.e.AbstractTransferListenerAdapter - Downloading https://repo.maven.apache.org/maven2/org/apache/logging/log4j/log4j-api/2.18.0/log4j-api-2.18.0.jar
2024-12-19 11:28:39,803 [BasicRepositoryConnector-repo.maven.apache.org-0-2] INFO  o.e.m.c.i.e.AbstractTransferListenerAdapter - Downloaded https://repo.maven.apache.org/maven2/org/apache/logging/log4j/log4j-api/2.18.0/log4j-api-2.18.0.jar
2024-12-19 11:28:41,587 [BasicRepositoryConnector-repo.maven.apache.org-0-4] INFO  o.e.m.c.i.e.AbstractTransferListenerAdapter - Downloaded https://repo.maven.apache.org/maven2/org/apache/xmlbeans/xmlbeans/5.1.1/xmlbeans-5.1.1.jar
2024-12-19 11:28:42,531 [BasicRepositoryConnector-repo.maven.apache.org-0-0] INFO  o.e.m.c.i.e.AbstractTransferListenerAdapter - Downloaded https://repo.maven.apache.org/maven2/org/apache/poi/poi/5.2.3/poi-5.2.3.jar
2024-12-19 11:28:44,888 [BasicRepositoryConnector-repo.maven.apache.org-0-1] INFO  o.e.m.c.i.e.AbstractTransferListenerAdapter - Downloaded https://repo.maven.apache.org/maven2/org/apache/commons/commons-math3/3.6.1/commons-math3-3.6.1.jar
2024-12-19 11:28:53,499 [BasicRepositoryConnector-repo.maven.apache.org-0-3] INFO  o.e.m.c.i.e.AbstractTransferListenerAdapter - Downloaded https://repo.maven.apache.org/maven2/org/apache/poi/poi-ooxml-lite/5.2.3/poi-ooxml-lite-5.2.3.jar
2024-12-19 11:28:53,770 [Worker-14: Building] INFO  o.a.m.s.f.DefaultMavenResourcesFiltering - skip non existing resourceDirectory C:\Spring_casestudy\rohan\Excel\src\main\resources
2024-12-19 11:28:53,770 [Worker-14: Building] INFO  o.a.m.s.f.DefaultMavenResourcesFiltering - skip non existing resourceDirectory C:\Spring_casestudy\rohan\Excel\src\test\resources
2024-12-19 11:28:54,700 [Worker-15: Download sources and javadoc] INFO  o.e.m.c.i.e.AbstractTransferListenerAdapter - Downloading https://repo.maven.apache.org/maven2/org/apache/poi/poi-ooxml/5.2.3/poi-ooxml-5.2.3-sources.jar
2024-12-19 11:28:55,133 [Worker-15: Download sources and javadoc] INFO  o.e.m.c.i.e.AbstractTransferListenerAdapter - Downloaded https://repo.maven.apache.org/maven2/org/apache/poi/poi-ooxml/5.2.3/poi-ooxml-5.2.3-sources.jar
2024-12-19 11:28:55,145 [Worker-15: Download sources and javadoc] INFO  o.e.m.j.internal.DownloadSourcesJob - Downloaded sources for org.apache.poi:poi-ooxml:5.2.3
2024-12-19 11:28:55,213 [Worker-15: Download sources and javadoc] INFO  o.e.m.c.i.e.AbstractTransferListenerAdapter - Downloading https://repo.maven.apache.org/maven2/org/apache/poi/poi/5.2.3/poi-5.2.3-sources.jar
2024-12-19 11:28:55,425 [Worker-18: Building] INFO  o.a.m.s.f.DefaultMavenResourcesFiltering - skip non existing resourceDirectory C:\Spring_casestudy\rohan\Excel\src\main\resources
2024-12-19 11:28:55,428 [Worker-18: Building] INFO  o.a.m.s.f.DefaultMavenResourcesFiltering - skip non existing resourceDirectory C:\Spring_casestudy\rohan\Excel\src\test\resources
2024-12-19 11:28:59,117 [Worker-15: Download sources and javadoc] INFO  o.e.m.c.i.e.AbstractTransferListenerAdapter - Downloaded https://repo.maven.apache.org/maven2/org/apache/poi/poi/5.2.3/poi-5.2.3-sources.jar
2024-12-19 11:28:59,125 [Worker-15: Download sources and javadoc] INFO  o.e.m.j.internal.DownloadSourcesJob - Downloaded sources for org.apache.poi:poi:5.2.3
2024-12-19 11:28:59,163 [Worker-15: Download sources and javadoc] INFO  o.e.m.c.i.e.AbstractTransferListenerAdapter - Downloading https://repo.maven.apache.org/maven2/commons-codec/commons-codec/1.15/commons-codec-1.15-sources.jar
2024-12-19 11:28:59,302 [Worker-15: Download sources and javadoc] INFO  o.e.m.c.i.e.AbstractTransferListenerAdapter - Downloaded https://repo.maven.apache.org/maven2/commons-codec/commons-codec/1.15/commons-codec-1.15-sources.jar
2024-12-19 11:28:59,310 [Worker-15: Download sources and javadoc] INFO  o.e.m.j.internal.DownloadSourcesJob - Downloaded sources for commons-codec:commons-codec:1.15
2024-12-19 11:28:59,354 [Worker-15: Download sources and javadoc] INFO  o.e.m.c.i.e.AbstractTransferListenerAdapter - Downloading https://repo.maven.apache.org/maven2/org/apache/commons/commons-math3/3.6.1/commons-math3-3.6.1-sources.jar
2024-12-19 11:29:01,727 [Worker-15: Download sources and javadoc] INFO  o.e.m.c.i.e.AbstractTransferListenerAdapter - Downloaded https://repo.maven.apache.org/maven2/org/apache/commons/commons-math3/3.6.1/commons-math3-3.6.1-sources.jar
2024-12-19 11:29:01,749 [Worker-15: Download sources and javadoc] INFO  o.e.m.j.internal.DownloadSourcesJob - Downloaded sources for org.apache.commons:commons-math3:3.6.1
2024-12-19 11:29:01,814 [Worker-15: Download sources and javadoc] INFO  o.e.m.c.i.e.AbstractTransferListenerAdapter - Downloading https://repo.maven.apache.org/maven2/com/zaxxer/SparseBitSet/1.2/SparseBitSet-1.2-sources.jar
2024-12-19 11:29:01,837 [Worker-15: Download sources and javadoc] INFO  o.e.m.c.i.e.AbstractTransferListenerAdapter - Downloaded https://repo.maven.apache.org/maven2/com/zaxxer/SparseBitSet/1.2/SparseBitSet-1.2-sources.jar
2024-12-19 11:29:01,852 [Worker-15: Download sources and javadoc] INFO  o.e.m.j.internal.DownloadSourcesJob - Downloaded sources for com.zaxxer:SparseBitSet:1.2
2024-12-19 11:29:01,905 [Worker-15: Download sources and javadoc] INFO  o.e.m.c.i.e.AbstractTransferListenerAdapter - Downloading https://repo.maven.apache.org/maven2/org/apache/poi/poi-ooxml-lite/5.2.3/poi-ooxml-lite-5.2.3-sources.jar
2024-12-19 11:29:09,751 [Worker-15: Download sources and javadoc] INFO  o.e.m.c.i.e.AbstractTransferListenerAdapter - Downloaded https://repo.maven.apache.org/maven2/org/apache/poi/poi-ooxml-lite/5.2.3/poi-ooxml-lite-5.2.3-sources.jar
2024-12-19 11:29:09,769 [Worker-15: Download sources and javadoc] INFO  o.e.m.j.internal.DownloadSourcesJob - Downloaded sources for org.apache.poi:poi-ooxml-lite:5.2.3
2024-12-19 11:29:09,818 [Worker-15: Download sources and javadoc] INFO  o.e.m.c.i.e.AbstractTransferListenerAdapter - Downloading https://repo.maven.apache.org/maven2/org/apache/xmlbeans/xmlbeans/5.1.1/xmlbeans-5.1.1-sources.jar
2024-12-19 11:29:10,525 [Worker-15: Download sources and javadoc] INFO  o.e.m.c.i.e.AbstractTransferListenerAdapter - Downloaded https://repo.maven.apache.org/maven2/org/apache/xmlbeans/xmlbeans/5.1.1/xmlbeans-5.1.1-sources.jar
2024-12-19 11:29:10,541 [Worker-15: Download sources and javadoc] INFO  o.e.m.j.internal.DownloadSourcesJob - Downloaded sources for org.apache.xmlbeans:xmlbeans:5.1.1
2024-12-19 11:29:10,588 [Worker-15: Download sources and javadoc] INFO  o.e.m.c.i.e.AbstractTransferListenerAdapter - Downloading https://repo.maven.apache.org/maven2/org/apache/commons/commons-compress/1.21/commons-compress-1.21-sources.jar
2024-12-19 11:29:10,959 [Worker-15: Download sources and javadoc] INFO  o.e.m.c.i.e.AbstractTransferListenerAdapter - Downloaded https://repo.maven.apache.org/maven2/org/apache/commons/commons-compress/1.21/commons-compress-1.21-sources.jar
2024-12-19 11:29:10,981 [Worker-15: Download sources and javadoc] INFO  o.e.m.j.internal.DownloadSourcesJob - Downloaded sources for org.apache.commons:commons-compress:1.21
2024-12-19 11:29:11,036 [Worker-15: Download sources and javadoc] INFO  o.e.m.c.i.e.AbstractTransferListenerAdapter - Downloading https://repo.maven.apache.org/maven2/com/github/virtuald/curvesapi/1.07/curvesapi-1.07-sources.jar
2024-12-19 11:29:11,126 [Worker-15: Download sources and javadoc] INFO  o.e.m.c.i.e.AbstractTransferListenerAdapter - Downloaded https://repo.maven.apache.org/maven2/com/github/virtuald/curvesapi/1.07/curvesapi-1.07-sources.jar
2024-12-19 11:29:11,144 [Worker-15: Download sources and javadoc] INFO  o.e.m.j.internal.DownloadSourcesJob - Downloaded sources for com.github.virtuald:curvesapi:1.07
2024-12-19 11:29:11,190 [Worker-15: Download sources and javadoc] INFO  o.e.m.c.i.e.AbstractTransferListenerAdapter - Downloading https://repo.maven.apache.org/maven2/org/apache/logging/log4j/log4j-api/2.18.0/log4j-api-2.18.0-sources.jar
2024-12-19 11:29:11,291 [Worker-15: Download sources and javadoc] INFO  o.e.m.c.i.e.AbstractTransferListenerAdapter - Downloaded https://repo.maven.apache.org/maven2/org/apache/logging/log4j/log4j-api/2.18.0/log4j-api-2.18.0-sources.jar
2024-12-19 11:29:11,311 [Worker-15: Download sources and javadoc] INFO  o.e.m.j.internal.DownloadSourcesJob - Downloaded sources for org.apache.logging.log4j:log4j-api:2.18.0
2024-12-19 11:29:11,403 [Worker-15: Download sources and javadoc] INFO  o.e.m.c.i.e.AbstractTransferListenerAdapter - Downloading https://repo.maven.apache.org/maven2/org/apache/commons/commons-collections4/4.4/commons-collections4-4.4-sources.jar
2024-12-19 11:29:11,699 [Worker-15: Download sources and javadoc] INFO  o.e.m.c.i.e.AbstractTransferListenerAdapter - Downloaded https://repo.maven.apache.org/maven2/org/apache/commons/commons-collections4/4.4/commons-collections4-4.4-sources.jar
2024-12-19 11:29:11,715 [Worker-15: Download sources and javadoc] INFO  o.e.m.j.internal.DownloadSourcesJob - Downloaded sources for org.apache.commons:commons-collections4:4.4
2024-12-19 11:29:48,929 [Worker-20: Building] INFO  o.a.m.s.f.DefaultMavenResourcesFiltering - skip non existing resourceDirectory C:\Spring_casestudy\rohan\Excel\src\main\resources
2024-12-19 11:29:48,940 [Worker-20: Building] INFO  o.a.m.s.f.DefaultMavenResourcesFiltering - skip non existing resourceDirectory C:\Spring_casestudy\rohan\Excel\src\test\resources
2024-12-19 11:30:03,361 [Worker-18: Building] INFO  o.a.m.s.f.DefaultMavenResourcesFiltering - skip non existing resourceDirectory C:\Spring_casestudy\rohan\Excel\src\main\resources
2024-12-19 11:30:03,365 [Worker-18: Building] INFO  o.a.m.s.f.DefaultMavenResourcesFiltering - skip non existing resourceDirectory C:\Spring_casestudy\rohan\Excel\src\test\resources
2024-12-19 11:30:15,728 [Worker-18: Building] INFO  o.a.m.s.f.DefaultMavenResourcesFiltering - skip non existing resourceDirectory C:\Spring_casestudy\rohan\Excel\src\main\resources
2024-12-19 11:30:15,730 [Worker-18: Building] INFO  o.a.m.s.f.DefaultMavenResourcesFiltering - skip non existing resourceDirectory C:\Spring_casestudy\rohan\Excel\src\test\resources
2024-12-19 11:30:38,275 [Worker-20: Building] INFO  o.a.m.s.f.DefaultMavenResourcesFiltering - skip non existing resourceDirectory C:\Spring_casestudy\rohan\Excel\src\main\resources
2024-12-19 11:30:38,277 [Worker-20: Building] INFO  o.a.m.s.f.DefaultMavenResourcesFiltering - skip non existing resourceDirectory C:\Spring_casestudy\rohan\Excel\src\test\resources
2024-12-19 11:30:57,550 [Worker-15: Building] INFO  o.a.m.s.f.DefaultMavenResourcesFiltering - skip non existing resourceDirectory C:\Spring_casestudy\rohan\Excel\src\main\resources
2024-12-19 11:30:57,553 [Worker-15: Building] INFO  o.a.m.s.f.DefaultMavenResourcesFiltering - skip non existing resourceDirectory C:\Spring_casestudy\rohan\Excel\src\test\resources
2024-12-19 11:36:32,774 [Worker-0: Loading available Gradle versions] INFO  o.e.b.c.i.u.g.PublishedGradleVersions - Gradle version information cache is up-to-date. Trying to read.
2024-12-19 11:42:30,053 [Worker-8: Building] INFO  o.a.m.s.f.DefaultMavenResourcesFiltering - skip non existing resourceDirectory C:\Spring_casestudy\rohan\Excel\src\main\resources
2024-12-19 11:42:30,071 [Worker-8: Building] INFO  o.a.m.s.f.DefaultMavenResourcesFiltering - skip non existing resourceDirectory C:\Spring_casestudy\rohan\Excel\src\test\resources
2024-12-19 11:48:33,411 [Worker-8: Building] INFO  o.e.m.c.i.l.LifecycleMappingFactory - Using org.eclipse.m2e.jdt.JarLifecycleMapping lifecycle mapping for MavenProject: com.example:Excel:0.0.1-SNAPSHOT @ C:\Spring_casestudy\rohan\Excel\pom.xml.
2024-12-19 11:48:34,554 [Worker-8: Building] INFO  o.e.m.c.i.e.AbstractTransferListenerAdapter - Downloaded https://repo.maven.apache.org/maven2/org/apache/logging/log4j/log4j-core/2.x.x/log4j-core-2.x.x.pom
2024-12-19 11:48:34,560 [Worker-8: Building] WARN  o.e.m.c.i.embedder.EclipseLogger - The POM for org.apache.logging.log4j:log4j-core:jar:2.x.x is missing, no dependency information available
2024-12-19 11:48:35,189 [Worker-8: Building] INFO  o.e.m.c.i.e.AbstractTransferListenerAdapter - Downloaded https://repo.maven.apache.org/maven2/org/apache/logging/log4j/log4j-core/2.x.x/log4j-core-2.x.x.jar
2024-12-19 11:48:35,582 [Worker-8: Building] INFO  o.a.m.s.f.DefaultMavenResourcesFiltering - skip non existing resourceDirectory C:\Spring_casestudy\rohan\Excel\src\main\resources
2024-12-19 11:48:35,588 [Worker-8: Building] INFO  o.a.m.s.f.DefaultMavenResourcesFiltering - skip non existing resourceDirectory C:\Spring_casestudy\rohan\Excel\src\test\resources
2024-12-19 11:48:37,094 [Worker-13: Download sources and javadoc] INFO  o.e.m.c.i.e.AbstractTransferListenerAdapter - Downloaded https://repo.maven.apache.org/maven2/org/apache/logging/log4j/log4j-core/2.x.x/log4j-core-2.x.x-sources.jar
2024-12-19 11:48:37,103 [Worker-13: Download sources and javadoc] ERROR o.e.m.j.internal.DownloadSourcesJob - Could not download sources for org.apache.logging.log4j:log4j-core:2.x.x
org.eclipse.core.runtime.CoreException: Could not resolve artifact org.apache.logging.log4j:log4j-core:jar:sources:2.x.x
	at org.eclipse.m2e.core.internal.embedder.MavenImpl.lambda$7(MavenImpl.java:540)
	at org.eclipse.m2e.core.internal.embedder.MavenExecutionContext.executeBare(MavenExecutionContext.java:458)
	at org.eclipse.m2e.core.internal.embedder.MavenExecutionContext.execute(MavenExecutionContext.java:292)
	at org.eclipse.m2e.core.internal.embedder.MavenExecutionContext.execute(MavenExecutionContext.java:278)
	at org.eclipse.m2e.core.internal.embedder.MavenImpl.resolve(MavenImpl.java:509)
	at org.eclipse.m2e.core.internal.embedder.MavenImpl.resolve(MavenImpl.java:494)
	at org.eclipse.m2e.jdt.internal.DownloadSourcesJob.download(DownloadSourcesJob.java:308)
	at org.eclipse.m2e.jdt.internal.DownloadSourcesJob.downloadAttachments(DownloadSourcesJob.java:282)
	at org.eclipse.m2e.jdt.internal.DownloadSourcesJob.downloadMaven(DownloadSourcesJob.java:252)
	at org.eclipse.m2e.jdt.internal.DownloadSourcesJob.downloadFilesAndPopulateToUpdate(DownloadSourcesJob.java:220)
	at org.eclipse.m2e.jdt.internal.DownloadSourcesJob.lambda$0(DownloadSourcesJob.java:149)
	at org.eclipse.m2e.core.internal.embedder.MavenExecutionContext.executeBare(MavenExecutionContext.java:458)
	at org.eclipse.m2e.core.internal.embedder.MavenExecutionContext.execute(MavenExecutionContext.java:339)
	at org.eclipse.m2e.core.internal.embedder.MavenExecutionContext.execute(MavenExecutionContext.java:278)
	at org.eclipse.m2e.core.embedder.IMaven.execute(IMaven.java:300)
	at org.eclipse.m2e.jdt.internal.DownloadSourcesJob.run(DownloadSourcesJob.java:149)
	at org.eclipse.core.internal.jobs.Worker.run(Worker.java:63)
2024-12-19 11:48:56,062 [Worker-13: Building] INFO  o.e.m.c.i.l.LifecycleMappingFactory - Using org.eclipse.m2e.jdt.JarLifecycleMapping lifecycle mapping for MavenProject: com.example:Excel:0.0.1-SNAPSHOT @ C:\Spring_casestudy\rohan\Excel\pom.xml.
2024-12-19 11:48:56,448 [Worker-13: Building] INFO  o.a.m.s.f.DefaultMavenResourcesFiltering - skip non existing resourceDirectory C:\Spring_casestudy\rohan\Excel\src\main\resources
2024-12-19 11:48:56,453 [Worker-13: Building] INFO  o.a.m.s.f.DefaultMavenResourcesFiltering - skip non existing resourceDirectory C:\Spring_casestudy\rohan\Excel\src\test\resources
2024-12-19 11:48:58,312 [Worker-11: Building] INFO  o.a.m.s.f.DefaultMavenResourcesFiltering - skip non existing resourceDirectory C:\Spring_casestudy\rohan\Excel\src\main\resources
2024-12-19 11:48:58,318 [Worker-11: Building] INFO  o.a.m.s.f.DefaultMavenResourcesFiltering - skip non existing resourceDirectory C:\Spring_casestudy\rohan\Excel\src\test\resources
